/bin/bash: line 0: kill: (14806682) - No such process

------------------------------------------------------------
Sender: LSF System <lsfadmin@hpc.dtu.dk>
Subject: Job 14806693: <NONAME> in cluster <dcc> Exited

Job <NONAME> was submitted from host <hpclogin1> by user <s210500> in cluster <dcc> at Fri Nov 18 17:22:55 2022
Job was executed on host(s) <n-62-31-23>, in queue <hpc>, as user <s210500> in cluster <dcc> at Fri Nov 18 17:22:55 2022
</zhome/c9/1/160459> was used as the home directory.
</work3/s210500/deeplearning2022-footandball> was used as the working directory.
Started at Fri Nov 18 17:22:55 2022
Terminated at Fri Nov 18 17:22:56 2022
Results reported at Fri Nov 18 17:22:56 2022

Your job looked like:

------------------------------------------------------------
# LSBATCH: User input
kill 14806682
------------------------------------------------------------

Exited with exit code 1.

Resource usage summary:

    CPU time :                                   0.30 sec.
    Max Memory :                                 -
    Average Memory :                             -
    Total Requested Memory :                     1024.00 MB
    Delta Memory :                               -
    Max Swap :                                   -
    Max Processes :                              -
    Max Threads :                                -
    Run time :                                   1 sec.
    Turnaround time :                            1 sec.

The output (if any) is above this job summary.

